<?xml version="1.0" encoding="UTF-8"?>
<testsuites>
  <testsuite name="" tests="20" assertions="33" errors="0" warnings="0" failures="0" skipped="0" time="0.933844">
    <testsuite name="CodeIgniter Application Test Suite" tests="20" assertions="33" errors="0" warnings="0" failures="0" skipped="0" time="0.933844">
      <testsuite name="Expertsystem_controller_test" file="C:\xampp\htdocs\Helpdesk\application\tests\controllers\Expertsystem_controller_test.php" tests="10" assertions="13" errors="0" warnings="0" failures="0" skipped="0" time="0.519763">
        <testcase name="test_diagnose" class="Expertsystem_controller_test" classname="Expertsystem_controller_test" file="C:\xampp\htdocs\Helpdesk\application\tests\controllers\Expertsystem_controller_test.php" line="35" assertions="1" time="0.035078"/>
        <testcase name="test_all_problems" class="Expertsystem_controller_test" classname="Expertsystem_controller_test" file="C:\xampp\htdocs\Helpdesk\application\tests\controllers\Expertsystem_controller_test.php" line="41" assertions="1" time="0.041308"/>
        <testcase name="test_edit_problem" class="Expertsystem_controller_test" classname="Expertsystem_controller_test" file="C:\xampp\htdocs\Helpdesk\application\tests\controllers\Expertsystem_controller_test.php" line="47" assertions="1" time="0.076508"/>
        <testcase name="test_delete_problem" class="Expertsystem_controller_test" classname="Expertsystem_controller_test" file="C:\xampp\htdocs\Helpdesk\application\tests\controllers\Expertsystem_controller_test.php" line="54" assertions="2" time="0.042265"/>
        <testcase name="test_all_symptoms" class="Expertsystem_controller_test" classname="Expertsystem_controller_test" file="C:\xampp\htdocs\Helpdesk\application\tests\controllers\Expertsystem_controller_test.php" line="61" assertions="1" time="0.037633"/>
        <testcase name="test_edit_symptom" class="Expertsystem_controller_test" classname="Expertsystem_controller_test" file="C:\xampp\htdocs\Helpdesk\application\tests\controllers\Expertsystem_controller_test.php" line="67" assertions="1" time="0.082477"/>
        <testcase name="test_delete_symptom" class="Expertsystem_controller_test" classname="Expertsystem_controller_test" file="C:\xampp\htdocs\Helpdesk\application\tests\controllers\Expertsystem_controller_test.php" line="74" assertions="2" time="0.038925"/>
        <testcase name="test_all_rules" class="Expertsystem_controller_test" classname="Expertsystem_controller_test" file="C:\xampp\htdocs\Helpdesk\application\tests\controllers\Expertsystem_controller_test.php" line="81" assertions="1" time="0.045696"/>
        <testcase name="test_edit_rule" class="Expertsystem_controller_test" classname="Expertsystem_controller_test" file="C:\xampp\htdocs\Helpdesk\application\tests\controllers\Expertsystem_controller_test.php" line="87" assertions="1" time="0.072161"/>
        <testcase name="test_delete_rule" class="Expertsystem_controller_test" classname="Expertsystem_controller_test" file="C:\xampp\htdocs\Helpdesk\application\tests\controllers\Expertsystem_controller_test.php" line="94" assertions="2" time="0.047711"/>
      </testsuite>
      <testsuite name="Condition_model_test" file="C:\xampp\htdocs\Helpdesk\application\tests\models\Condition_model_test.php" tests="1" assertions="5" errors="0" warnings="0" failures="0" skipped="0" time="0.062610">
        <testcase name="test_get_condition" class="Condition_model_test" classname="Condition_model_test" file="C:\xampp\htdocs\Helpdesk\application\tests\models\Condition_model_test.php" line="9" assertions="5" time="0.062610"/>
      </testsuite>
      <testsuite name="Problem_model_test" file="C:\xampp\htdocs\Helpdesk\application\tests\models\Problem_model_test.php" tests="4" assertions="8" errors="0" warnings="0" failures="0" skipped="0" time="0.152845">
        <testcase name="test_get_problem" class="Problem_model_test" classname="Problem_model_test" file="C:\xampp\htdocs\Helpdesk\application\tests\models\Problem_model_test.php" line="9" assertions="5" time="0.036860"/>
        <testcase name="test_add_problem" class="Problem_model_test" classname="Problem_model_test" file="C:\xampp\htdocs\Helpdesk\application\tests\models\Problem_model_test.php" line="42" assertions="1" time="0.051864"/>
        <testcase name="test_delete_by_id" class="Problem_model_test" classname="Problem_model_test" file="C:\xampp\htdocs\Helpdesk\application\tests\models\Problem_model_test.php" line="62" assertions="1" time="0.040182"/>
        <testcase name="test_update_problem" class="Problem_model_test" classname="Problem_model_test" file="C:\xampp\htdocs\Helpdesk\application\tests\models\Problem_model_test.php" line="77" assertions="1" time="0.023938"/>
      </testsuite>
      <testsuite name="Rules_model_test" file="C:\xampp\htdocs\Helpdesk\application\tests\models\Rules_model_test.php" tests="2" assertions="2" errors="0" warnings="0" failures="0" skipped="0" time="0.073629">
        <testcase name="test_add_rule" class="Rules_model_test" classname="Rules_model_test" file="C:\xampp\htdocs\Helpdesk\application\tests\models\Rules_model_test.php" line="9" assertions="1" time="0.042130"/>
        <testcase name="test_delete_by_id" class="Rules_model_test" classname="Rules_model_test" file="C:\xampp\htdocs\Helpdesk\application\tests\models\Rules_model_test.php" line="29" assertions="1" time="0.031499"/>
      </testsuite>
      <testsuite name="Symptom_model_test" file="C:\xampp\htdocs\Helpdesk\application\tests\models\Symptom_model_test.php" tests="3" assertions="5" errors="0" warnings="0" failures="0" skipped="0" time="0.124997">
        <testcase name="test_get_symptom" class="Symptom_model_test" classname="Symptom_model_test" file="C:\xampp\htdocs\Helpdesk\application\tests\models\Symptom_model_test.php" line="9" assertions="3" time="0.040224"/>
        <testcase name="test_add_symptom" class="Symptom_model_test" classname="Symptom_model_test" file="C:\xampp\htdocs\Helpdesk\application\tests\models\Symptom_model_test.php" line="38" assertions="1" time="0.042484"/>
        <testcase name="test_delete_by_id" class="Symptom_model_test" classname="Symptom_model_test" file="C:\xampp\htdocs\Helpdesk\application\tests\models\Symptom_model_test.php" line="58" assertions="1" time="0.042289"/>
      </testsuite>
    </testsuite>
  </testsuite>
</testsuites>
