<?xml version="1.0" encoding="UTF-8"?>
<testsuites>
  <testsuite name="" tests="24" assertions="37" errors="0" warnings="0" failures="0" skipped="0" time="1.012428">
    <testsuite name="CodeIgniter Application Test Suite" tests="24" assertions="37" errors="0" warnings="0" failures="0" skipped="0" time="1.012428">
      <testsuite name="Expertsystem_controller_test" file="C:\xampp\htdocs\helpdesk_testing\application\tests\controllers\Expertsystem_controller_test.php" tests="10" assertions="13" errors="0" warnings="0" failures="0" skipped="0" time="0.455539">
        <testcase name="test_diagnose" class="Expertsystem_controller_test" classname="Expertsystem_controller_test" file="C:\xampp\htdocs\helpdesk_testing\application\tests\controllers\Expertsystem_controller_test.php" line="35" assertions="1" time="0.062328"/>
        <testcase name="test_all_problems" class="Expertsystem_controller_test" classname="Expertsystem_controller_test" file="C:\xampp\htdocs\helpdesk_testing\application\tests\controllers\Expertsystem_controller_test.php" line="41" assertions="1" time="0.047825"/>
        <testcase name="test_edit_problem" class="Expertsystem_controller_test" classname="Expertsystem_controller_test" file="C:\xampp\htdocs\helpdesk_testing\application\tests\controllers\Expertsystem_controller_test.php" line="47" assertions="1" time="0.037406"/>
        <testcase name="test_delete_problem" class="Expertsystem_controller_test" classname="Expertsystem_controller_test" file="C:\xampp\htdocs\helpdesk_testing\application\tests\controllers\Expertsystem_controller_test.php" line="54" assertions="2" time="0.041074"/>
        <testcase name="test_all_symptoms" class="Expertsystem_controller_test" classname="Expertsystem_controller_test" file="C:\xampp\htdocs\helpdesk_testing\application\tests\controllers\Expertsystem_controller_test.php" line="61" assertions="1" time="0.044646"/>
        <testcase name="test_edit_symptom" class="Expertsystem_controller_test" classname="Expertsystem_controller_test" file="C:\xampp\htdocs\helpdesk_testing\application\tests\controllers\Expertsystem_controller_test.php" line="67" assertions="1" time="0.059139"/>
        <testcase name="test_delete_symptom" class="Expertsystem_controller_test" classname="Expertsystem_controller_test" file="C:\xampp\htdocs\helpdesk_testing\application\tests\controllers\Expertsystem_controller_test.php" line="74" assertions="2" time="0.042590"/>
        <testcase name="test_all_rules" class="Expertsystem_controller_test" classname="Expertsystem_controller_test" file="C:\xampp\htdocs\helpdesk_testing\application\tests\controllers\Expertsystem_controller_test.php" line="81" assertions="1" time="0.035793"/>
        <testcase name="test_edit_rule" class="Expertsystem_controller_test" classname="Expertsystem_controller_test" file="C:\xampp\htdocs\helpdesk_testing\application\tests\controllers\Expertsystem_controller_test.php" line="87" assertions="1" time="0.053839"/>
        <testcase name="test_delete_rule" class="Expertsystem_controller_test" classname="Expertsystem_controller_test" file="C:\xampp\htdocs\helpdesk_testing\application\tests\controllers\Expertsystem_controller_test.php" line="94" assertions="2" time="0.030899"/>
      </testsuite>
      <testsuite name="Condition_model_test" file="C:\xampp\htdocs\helpdesk_testing\application\tests\models\Condition_model_test.php" tests="2" assertions="6" errors="0" warnings="0" failures="0" skipped="0" time="0.114052">
        <testcase name="test_get_condition_by_id" class="Condition_model_test" classname="Condition_model_test" file="C:\xampp\htdocs\helpdesk_testing\application\tests\models\Condition_model_test.php" line="9" assertions="1" time="0.052737"/>
        <testcase name="test_get_condition" class="Condition_model_test" classname="Condition_model_test" file="C:\xampp\htdocs\helpdesk_testing\application\tests\models\Condition_model_test.php" line="16" assertions="5" time="0.061315"/>
      </testsuite>
      <testsuite name="Problem_model_test" file="C:\xampp\htdocs\helpdesk_testing\application\tests\models\Problem_model_test.php" tests="5" assertions="9" errors="0" warnings="0" failures="0" skipped="0" time="0.208434">
        <testcase name="test_get_problem_by_id" class="Problem_model_test" classname="Problem_model_test" file="C:\xampp\htdocs\helpdesk_testing\application\tests\models\Problem_model_test.php" line="9" assertions="1" time="0.049255"/>
        <testcase name="test_get_problem" class="Problem_model_test" classname="Problem_model_test" file="C:\xampp\htdocs\helpdesk_testing\application\tests\models\Problem_model_test.php" line="29" assertions="5" time="0.058318"/>
        <testcase name="test_add_problem" class="Problem_model_test" classname="Problem_model_test" file="C:\xampp\htdocs\helpdesk_testing\application\tests\models\Problem_model_test.php" line="62" assertions="1" time="0.031032"/>
        <testcase name="test_delete_by_id" class="Problem_model_test" classname="Problem_model_test" file="C:\xampp\htdocs\helpdesk_testing\application\tests\models\Problem_model_test.php" line="82" assertions="1" time="0.040206"/>
        <testcase name="test_update_problem" class="Problem_model_test" classname="Problem_model_test" file="C:\xampp\htdocs\helpdesk_testing\application\tests\models\Problem_model_test.php" line="97" assertions="1" time="0.029622"/>
      </testsuite>
      <testsuite name="Rules_model_test" file="C:\xampp\htdocs\helpdesk_testing\application\tests\models\Rules_model_test.php" tests="3" assertions="3" errors="0" warnings="0" failures="0" skipped="0" time="0.100463">
        <testcase name="test_get_rule_by_id" class="Rules_model_test" classname="Rules_model_test" file="C:\xampp\htdocs\helpdesk_testing\application\tests\models\Rules_model_test.php" line="9" assertions="1" time="0.040695"/>
        <testcase name="test_add_rule" class="Rules_model_test" classname="Rules_model_test" file="C:\xampp\htdocs\helpdesk_testing\application\tests\models\Rules_model_test.php" line="29" assertions="1" time="0.020861"/>
        <testcase name="test_delete_by_id" class="Rules_model_test" classname="Rules_model_test" file="C:\xampp\htdocs\helpdesk_testing\application\tests\models\Rules_model_test.php" line="49" assertions="1" time="0.038907"/>
      </testsuite>
      <testsuite name="Symptom_model_test" file="C:\xampp\htdocs\helpdesk_testing\application\tests\models\Symptom_model_test.php" tests="4" assertions="6" errors="0" warnings="0" failures="0" skipped="0" time="0.133941">
        <testcase name="test_get_symptom_by_id" class="Symptom_model_test" classname="Symptom_model_test" file="C:\xampp\htdocs\helpdesk_testing\application\tests\models\Symptom_model_test.php" line="9" assertions="1" time="0.016635"/>
        <testcase name="test_get_symptom" class="Symptom_model_test" classname="Symptom_model_test" file="C:\xampp\htdocs\helpdesk_testing\application\tests\models\Symptom_model_test.php" line="21" assertions="3" time="0.050444"/>
        <testcase name="test_add_symptom" class="Symptom_model_test" classname="Symptom_model_test" file="C:\xampp\htdocs\helpdesk_testing\application\tests\models\Symptom_model_test.php" line="50" assertions="1" time="0.047890"/>
        <testcase name="test_delete_by_id" class="Symptom_model_test" classname="Symptom_model_test" file="C:\xampp\htdocs\helpdesk_testing\application\tests\models\Symptom_model_test.php" line="70" assertions="1" time="0.018973"/>
      </testsuite>
    </testsuite>
  </testsuite>
</testsuites>
